           1
         150
  
  0.1000000000000E+00   0.2929209974276E-55
  0.1236673000000E+00   0.1716998692635E-47
  0.1529360000000E+00   0.1856143209283E-40
  0.1891319000000E+00   0.1518171756532E-35
  0.2338943000000E+00   0.1761492855756E-32
  0.2892508000000E+00   0.2058570417857E-29
  0.3577086000000E+00   0.8145379539694E-27
  0.4423686000000E+00   0.1951607521945E-24
  0.5470654000000E+00   0.8353535568217E-23
  0.6765410000000E+00   0.2791773547340E-21
  0.8366600000000E+00   0.5424334190420E-20
  0.1034675000000E+01   0.6006707406121E-19
  0.1279555000000E+01   0.3755811522427E-18
  0.1582391000000E+01   0.1450320202899E-17
  0.1956900000000E+01   0.4808221245032E-17
  0.2420045000000E+01   0.1467714673162E-16
  0.2992805000000E+01   0.4456855141016E-16
  0.3701121000000E+01   0.1284158662755E-15
  0.4577077000000E+01   0.2867574027654E-15
  0.5660348000000E+01   0.4871594107568E-15
  0.7000000000000E+01   0.6822898426554E-15
  0.7089677000000E+01   0.6927367945696E-15
  0.7180503000000E+01   0.7020689080546E-15
  0.7272493000000E+01   0.7111147127168E-15
  0.7365661000000E+01   0.7198654111035E-15
  0.7460023000000E+01   0.7283129593234E-15
  0.7555593000000E+01   0.7364497033180E-15
  0.7652388000000E+01   0.7442688256001E-15
  0.7750423000000E+01   0.7517639167446E-15
  0.7849714000000E+01   0.7589292349283E-15
  0.7950277000000E+01   0.7655889995487E-15
  0.8052128000000E+01   0.7696873866137E-15
  0.8155284000000E+01   0.7736109841683E-15
  0.8259761000000E+01   0.7773375635250E-15
  0.8365577000000E+01   0.7808489039852E-15
  0.8472749000000E+01   0.7841299304374E-15
  0.8581293000000E+01   0.7871681662350E-15
  0.8691229000000E+01   0.7899534413163E-15
  0.8802572000000E+01   0.7924773183957E-15
  0.8915342000000E+01   0.7947439500580E-15
  0.9029557000000E+01   0.7971550659122E-15
  0.9145235000000E+01   0.7992561852477E-15
  0.9262394000000E+01   0.8010472520786E-15
  0.9381055000000E+01   0.8025288393248E-15
  0.9501236000000E+01   0.8037020265770E-15
  0.9622957000000E+01   0.8045684410151E-15
  0.9746237000000E+01   0.8051301939865E-15
  0.9871096000000E+01   0.8053898693735E-15
  0.9997555000000E+01   0.8053504863434E-15
  0.1012563000000E+02   0.8060775102195E-15
  0.1025535000000E+02   0.8065048323955E-15
  0.1038673000000E+02   0.8066151135503E-15
  0.1051980000000E+02   0.8064131556232E-15
  0.1065457000000E+02   0.8059040749062E-15
  0.1079107000000E+02   0.8050932266358E-15
  0.1092931000000E+02   0.8039863364166E-15
  0.1106933000000E+02   0.8025891381005E-15
  0.1121113000000E+02   0.8009079654125E-15
  0.1135476000000E+02   0.7992619054545E-15
  0.1150023000000E+02   0.7973679636891E-15
  0.1164756000000E+02   0.7952112151673E-15
  0.1179677000000E+02   0.7927982582101E-15
  0.1194790000000E+02   0.7901354853686E-15
  0.1210097000000E+02   0.7872297195735E-15
  0.1225599000000E+02   0.7840881289349E-15
  0.1241300000000E+02   0.7807173863505E-15
  0.1257203000000E+02   0.7771244073547E-15
  0.1273309000000E+02   0.7730438531851E-15
  0.1289621000000E+02   0.7687216324350E-15
  0.1306143000000E+02   0.7641978027761E-15
  0.1322876000000E+02   0.7594802322055E-15
  0.1339823000000E+02   0.7545762685234E-15
  0.1356988000000E+02   0.7494929523416E-15
  0.1374372000000E+02   0.7442382003211E-15
  0.1391979000000E+02   0.7388190193068E-15
  0.1409812000000E+02   0.7332426769342E-15
  0.1427873000000E+02   0.7272077239214E-15
  0.1446165000000E+02   0.7209824901328E-15
  0.1464692000000E+02   0.7146300601604E-15
  0.1483456000000E+02   0.7081579403357E-15
  0.1502461000000E+02   0.7015728659271E-15
  0.1521709000000E+02   0.6948821733735E-15
  0.1541204000000E+02   0.6880924093295E-15
  0.1560948000000E+02   0.6812107142984E-15
  0.1580946000000E+02   0.6742430767688E-15
  0.1601199000000E+02   0.6674536483420E-15
  0.1621712000000E+02   0.6606464269276E-15
  0.1642488000000E+02   0.6537640494045E-15
  0.1663530000000E+02   0.6468127139466E-15
  0.1684841000000E+02   0.6397985023447E-15
  0.1706426000000E+02   0.6327267222637E-15
  0.1728287000000E+02   0.6256035468451E-15
  0.1750428000000E+02   0.6184343701899E-15
  0.1772853000000E+02   0.6112244660790E-15
  0.1795565000000E+02   0.6041228340536E-15
  0.1818568000000E+02   0.5970343115443E-15
  0.1841866000000E+02   0.5899179295679E-15
  0.1865462000000E+02   0.5827786893522E-15
  0.1889360000000E+02   0.5756211605291E-15
  0.1913565000000E+02   0.5684494956057E-15
  0.1938080000000E+02   0.5612683204608E-15
  0.1962908000000E+02   0.5540821245707E-15
  0.1988055000000E+02   0.5468944076757E-15
  0.2013524000000E+02   0.5397241887158E-15
  0.2039320000000E+02   0.5325660024020E-15
  0.2065445000000E+02   0.5254181994149E-15
  0.2091906000000E+02   0.5182835458428E-15
  0.2118705000000E+02   0.5111660520554E-15
  0.2145848000000E+02   0.5040685369567E-15
  0.2173339000000E+02   0.4969942424612E-15
  0.2201181000000E+02   0.4899465418056E-15
  0.2229381000000E+02   0.4829276850937E-15
  0.2257941000000E+02   0.4757869582180E-15
  0.2286868000000E+02   0.4686086833738E-15
  0.2316165000000E+02   0.4614721500560E-15
  0.2345837000000E+02   0.4543797108597E-15
  0.2375890000000E+02   0.4473333855909E-15
  0.2406328000000E+02   0.4403355682207E-15
  0.2437155000000E+02   0.4333885364339E-15
  0.2468378000000E+02   0.4264937973762E-15
  0.2500000000000E+02   0.4196536551805E-15
  0.3073734000000E+02   0.3191001546580E-15
  0.3779135000000E+02   0.2394828939463E-15
  0.4646422000000E+02   0.1772969561708E-15
  0.5712745000000E+02   0.1307608054935E-15
  0.7023782000000E+02   0.9726074539122E-16
  0.8635694000000E+02   0.7121263143366E-16
  0.1061753000000E+03   0.5064332079158E-16
  0.1305418000000E+03   0.3508900578505E-16
  0.1605003000000E+03   0.2381935005064E-16
  0.1973341000000E+03   0.1592400830149E-16
  0.2426209000000E+03   0.1050790784843E-16
  0.2983008000000E+03   0.6857360164072E-17
  0.3667589000000E+03   0.4425813942477E-17
  0.4509277000000E+03   0.2805138526836E-17
  0.5544126000000E+03   0.1739075963648E-17
  0.6816467000000E+03   0.1066210886635E-17
  0.8380801000000E+03   0.6457779317650E-18
  0.1030414000000E+04   0.3864121020831E-18
  0.1266887000000E+04   0.2277100011404E-18
  0.1557629000000E+04   0.1310991726605E-18
  0.1915095000000E+04   0.7316311095372E-19
  0.2354597000000E+04   0.3968711768014E-19
  0.2894961000000E+04   0.2107194559380E-19
  0.3559336000000E+04   0.1094847340648E-19
  0.4376180000000E+04   0.5637526161840E-20
  0.5380484000000E+04   0.2890398023596E-20
  0.6615270000000E+04   0.1485242621904E-20
  0.8133431000000E+04   0.7640418276497E-21
  0.1000000000000E+05   0.3913017176516E-21
